<?xml version="1.0" encoding="UTF-8"?>
<testng-results ignored="0" total="1" passed="1" failed="0" skipped="0">
  <reporter-output>
  </reporter-output>
  <suite started-at="2024-05-09T13:01:50 IST" name="Default suite" finished-at="2024-05-09T13:02:00 IST" duration-ms="9782">
    <groups>
    </groups>
    <test started-at="2024-05-09T13:01:50 IST" name="Default test" finished-at="2024-05-09T13:02:00 IST" duration-ms="9782">
      <class name="OrangeHrm.OrangeHrm.TestDemo1">
        <test-method signature="Test1()[pri:0, instance:OrangeHrm.OrangeHrm.TestDemo1@359df09a]" started-at="2024-05-09T13:01:50 IST" name="Test1" finished-at="2024-05-09T13:02:00 IST" duration-ms="9743" status="PASS">
          <reporter-output>
          </reporter-output>
        </test-method> <!-- Test1 -->
      </class> <!-- OrangeHrm.OrangeHrm.TestDemo1 -->
    </test> <!-- Default test -->
  </suite> <!-- Default suite -->
</testng-results>
