<?xml version="1.0" encoding="UTF-8"?>
<testng-results ignored="0" total="1" passed="1" failed="0" skipped="0">
  <reporter-output>
  </reporter-output>
  <suite started-at="2024-05-23T15:28:52 IST" name="Suite" finished-at="2024-05-23T15:29:01 IST" duration-ms="8502">
    <groups>
    </groups>
    <test started-at="2024-05-23T15:28:52 IST" name="Test" finished-at="2024-05-23T15:29:01 IST" duration-ms="8502">
      <class name="OrangeHrm.OrangeHrm.TestDemo1">
        <test-method signature="Test1(java.lang.String)[pri:0, instance:OrangeHrm.OrangeHrm.TestDemo1@7ef82753]" started-at="2024-05-23T15:28:52 IST" name="Test1" finished-at="2024-05-23T15:29:01 IST" duration-ms="8461" status="PASS">
          <params>
            <param index="0">
              <value>
                <![CDATA[Chrome]]>
              </value>
            </param>
          </params>
          <reporter-output>
          </reporter-output>
        </test-method> <!-- Test1 -->
      </class> <!-- OrangeHrm.OrangeHrm.TestDemo1 -->
    </test> <!-- Test -->
  </suite> <!-- Suite -->
</testng-results>
